<?xml version="1.0" encoding="UTF-8" ?>
<testsuite tests="20" failures="0" name="FightingEntityTest" time="0.051" errors="0" skipped="0">
  <properties>
[...]
</properties>
  <testcase classname="FightingEntityTest" name="FightingEntityTest.testGetAttackModifier" time="0.001"/>
  <testcase classname="FightingEntityTest" name="FightingEntityTest.testCouldBeHealedPositive" time="0"/>
  <testcase classname="FightingEntityTest" name="FightingEntityTest.testCouldBeHealedNegative" time="0"/>
  <testcase classname="FightingEntityTest" name="FightingEntityTest.testHealThePlayer" time="0.029"/>
  <testcase classname="FightingEntityTest" name="FightingEntityTest.testDoDeathFight" time="0.009"/>
  <testcase classname="FightingEntityTest" name="FightingEntityTest.testDoSomeRandom" time="0.01"/>
  <testcase classname="FightingEntityTest" name="FightingEntityTest.testDoAttackSetAttackSetDefenceWorksCorrect" time="0"/>
  <testcase classname="FightingEntityTest" name="FightingEntityTest.testIsSucceed_ReturnsTrue_WhenMinDamageHigherThan4" time="0"/>
  <testcase classname="FightingEntityTest" name="FightingEntityTest.testIsSucceed_ReturnsFalse_WhenMinDamageEquals4" time="0"/>
  <testcase classname="FightingEntityTest" name="FightingEntityTest.testIsSucceed_ReturnsFalse_WhenMinDamageLowerThan4" time="0.001"/>
  <testcase classname="FightingEntityTest" name="FightingEntityTest.testIsSucceed_ReturnsFalse_WhenAttemptsLeftIs0" time="0"/>
  <testcase classname="FightingEntityTest" name="FightingEntityTest.testGetAttackModifierNegativeResidual" time="0"/>
  <testcase classname="FightingEntityTest" name="FightingEntityTest.testGetAttackModifierWhenResidualEqualsZero" time="0"/>
  <testcase classname="FightingEntityTest" name="FightingEntityTest.testGetAttackModifierPositiveResidual" time="0"/>
  <testcase classname="FightingEntityTest" name="FightingEntityTest.testCouldBeHealed_NegativeIfAlreadyHealed4Times" time="0"/>
  <testcase classname="FightingEntityTest" name="FightingEntityTest.testCouldBeHealed_PositiveIfHealedLessThan4Times" time="0"/>
  <testcase classname="FightingEntityTest" name="FightingEntityTest.testDoAttackMonsterDiesWhenHPLessThan1" time="0.001"/>
  <testcase classname="FightingEntityTest" name="FightingEntityTest.testDoAttackPlayerDiesWhenHPLessThan1" time="0"/>
  <testcase classname="FightingEntityTest" name="FightingEntityTest.testCouldBeHealedReturnsFalseIfNotInstanceOfRegenerateAble" time="0"/>
  <testcase classname="FightingEntityTest" name="FightingEntityTest.testCouldBeHealedReturnsTrueIfInstanceOfRegenerateAble" time="0"/>
</testsuite>